<?xml version="1.0" encoding="UTF-8"?>
<testng-results ignored="0" total="1" passed="0" failed="1" skipped="0">
  <reporter-output>
  </reporter-output>
  <suite started-at="2024-06-13T19:25:19 CST" name="Suite" finished-at="2024-06-13T19:25:50 CST" duration-ms="31659">
    <groups>
    </groups>
    <test started-at="2024-06-13T19:25:19 CST" name="Test" finished-at="2024-06-13T19:25:50 CST" duration-ms="31659">
      <class name="com.automation.tests.SignInAndGrantNTITests">
        <test-method is-config="true" signature="preSetup()[pri:0, instance:com.automation.tests.SignInAndGrantNTITests@639c2c1d]" started-at="2024-06-13T19:25:19 CST" name="preSetup" finished-at="2024-06-13T19:25:19 CST" duration-ms="160" status="PASS">
          <reporter-output>
          </reporter-output>
        </test-method> <!-- preSetup -->
        <test-method is-config="true" signature="setup()[pri:0, instance:com.automation.tests.SignInAndGrantNTITests@639c2c1d]" started-at="2024-06-13T19:25:19 CST" name="setup" finished-at="2024-06-13T19:25:21 CST" duration-ms="2513" status="PASS">
          <reporter-output>
          </reporter-output>
        </test-method> <!-- setup -->
        <test-method signature="signInAndGrant(java.lang.String, java.lang.String)[pri:0, instance:com.automation.tests.SignInAndGrantNTITests@639c2c1d]" started-at="2024-06-13T19:25:21 CST" name="signInAndGrant" finished-at="2024-06-13T19:25:50 CST" duration-ms="28654" status="FAIL">
          <params>
            <param index="0">
              <value>
                <![CDATA[coursera.two@hotmail.com]]>
              </value>
            </param>
            <param index="1">
              <value>
                <![CDATA[455098730]]>
              </value>
            </param>
          </params>
          <exception class="java.lang.AssertionError">
            <message>
              <![CDATA[expected:<Coursera | Online Courses From Top Universities. Join for Free> but was:<Skills for Global Success | Coursera>]]>
            </message>
            <full-stacktrace>
              <![CDATA[java.lang.AssertionError: expected:<Coursera | Online Courses From Top Universities. Join for Free> but was:<Skills for Global Success | Coursera>
at org.testng.AssertJUnit.assertEquals(AssertJUnit.java:82)
at org.testng.AssertJUnit.assertEquals(AssertJUnit.java:87)
at com.automation.tests.SignInAndGrantNTITests.signInAndGrant(SignInAndGrantNTITests.java:71)
at java.base/jdk.internal.reflect.NativeMethodAccessorImpl.invoke0(Native Method)
at java.base/jdk.internal.reflect.NativeMethodAccessorImpl.invoke(NativeMethodAccessorImpl.java:62)
at java.base/jdk.internal.reflect.DelegatingMethodAccessorImpl.invoke(DelegatingMethodAccessorImpl.java:43)
at java.base/java.lang.reflect.Method.invoke(Method.java:566)
at org.testng.internal.MethodInvocationHelper.invokeMethod(MethodInvocationHelper.java:134)
at org.testng.internal.TestInvoker.invokeMethod(TestInvoker.java:597)
at org.testng.internal.TestInvoker.invokeTestMethod(TestInvoker.java:173)
at org.testng.internal.MethodRunner.runInSequence(MethodRunner.java:46)
at org.testng.internal.TestInvoker$MethodInvocationAgent.invoke(TestInvoker.java:816)
at org.testng.internal.TestInvoker.invokeTestMethods(TestInvoker.java:146)
at org.testng.internal.TestMethodWorker.invokeTestMethods(TestMethodWorker.java:146)
at org.testng.internal.TestMethodWorker.run(TestMethodWorker.java:128)
at java.base/java.util.ArrayList.forEach(ArrayList.java:1541)
at org.testng.TestRunner.privateRun(TestRunner.java:766)
at org.testng.TestRunner.run(TestRunner.java:587)
at org.testng.SuiteRunner.runTest(SuiteRunner.java:384)
at org.testng.SuiteRunner.runSequentially(SuiteRunner.java:378)
at org.testng.SuiteRunner.privateRun(SuiteRunner.java:337)
at org.testng.SuiteRunner.run(SuiteRunner.java:286)
at org.testng.SuiteRunnerWorker.runSuite(SuiteRunnerWorker.java:53)
at org.testng.SuiteRunnerWorker.run(SuiteRunnerWorker.java:96)
at org.testng.TestNG.runSuitesSequentially(TestNG.java:1187)
at org.testng.TestNG.runSuitesLocally(TestNG.java:1109)
at org.testng.TestNG.runSuites(TestNG.java:1039)
at org.testng.TestNG.run(TestNG.java:1007)
at org.apache.maven.surefire.testng.TestNGExecutor.run(TestNGExecutor.java:283)
at org.apache.maven.surefire.testng.TestNGXmlTestSuite.execute(TestNGXmlTestSuite.java:75)
at org.apache.maven.surefire.testng.TestNGProvider.invoke(TestNGProvider.java:120)
at org.apache.maven.surefire.booter.ForkedBooter.invokeProviderInSameClassLoader(ForkedBooter.java:384)
at org.apache.maven.surefire.booter.ForkedBooter.runSuitesInProcess(ForkedBooter.java:345)
at org.apache.maven.surefire.booter.ForkedBooter.execute(ForkedBooter.java:126)
at org.apache.maven.surefire.booter.ForkedBooter.main(ForkedBooter.java:418)
]]>
            </full-stacktrace>
          </exception> <!-- java.lang.AssertionError -->
          <reporter-output>
          </reporter-output>
        </test-method> <!-- signInAndGrant -->
        <test-method is-config="true" signature="postTestAction(org.testng.ITestResult)[pri:0, instance:com.automation.tests.SignInAndGrantNTITests@639c2c1d]" started-at="2024-06-13T19:25:50 CST" name="postTestAction" finished-at="2024-06-13T19:25:50 CST" duration-ms="463" status="PASS">
          <params>
            <param index="0">
              <value>
                <![CDATA[[TestResult name=signInAndGrant status=FAILURE method=SignInAndGrantNTITests.signInAndGrant(java.lang.String, java.lang.String)[pri:0, instance:com.automation.tests.SignInAndGrantNTITests@639c2c1d] output={null}]]]>
              </value>
            </param>
          </params>
          <reporter-output>
          </reporter-output>
        </test-method> <!-- postTestAction -->
        <test-method is-config="true" signature="postTeardown()[pri:0, instance:com.automation.tests.SignInAndGrantNTITests@639c2c1d]" started-at="2024-06-13T19:25:50 CST" name="postTeardown" finished-at="2024-06-13T19:25:51 CST" duration-ms="220" status="PASS">
          <reporter-output>
          </reporter-output>
        </test-method> <!-- postTeardown -->
      </class> <!-- com.automation.tests.SignInAndGrantNTITests -->
    </test> <!-- Test -->
  </suite> <!-- Suite -->
</testng-results>
